Change Component Designator: OldDesignator=C1 NewDesignator=C11
Change Component Designator: OldDesignator=C2 NewDesignator=C12
Change Component Designator: OldDesignator=C3 NewDesignator=C13
Change Component Designator: OldDesignator=C4 NewDesignator=C14
Change Component Designator: OldDesignator=C5 NewDesignator=C15
Change Component Designator: OldDesignator=C6 NewDesignator=C16
Change Component Designator: OldDesignator=C7 NewDesignator=C17
Change Component Designator: OldDesignator=C8 NewDesignator=C18
Change Component Designator: OldDesignator=C9 NewDesignator=C19
Change Component Designator: OldDesignator=C10 NewDesignator=C20
Change Component Designator: OldDesignator=D1 NewDesignator=D6
Change Component Designator: OldDesignator=D2 NewDesignator=D7
Change Component Designator: OldDesignator=D3 NewDesignator=D8
Change Component Designator: OldDesignator=D4 NewDesignator=D9
Change Component Designator: OldDesignator=D5 NewDesignator=D10
Change Component Designator: OldDesignator=P1 NewDesignator=P8
Change Component Designator: OldDesignator=P2 NewDesignator=P9
Change Component Designator: OldDesignator=P3 NewDesignator=P10
Change Component Designator: OldDesignator=P4 NewDesignator=P11
Change Component Designator: OldDesignator=P5 NewDesignator=P12
Change Component Designator: OldDesignator=P6 NewDesignator=P13
Change Component Designator: OldDesignator=P7 NewDesignator=P14
Change Component Designator: OldDesignator=R1 NewDesignator=R44
Change Component Designator: OldDesignator=R2 NewDesignator=R45
Change Component Designator: OldDesignator=R3 NewDesignator=R46
Change Component Designator: OldDesignator=R4 NewDesignator=R47
Change Component Designator: OldDesignator=R5 NewDesignator=R48
Change Component Designator: OldDesignator=R6 NewDesignator=R49
Change Component Designator: OldDesignator=R7 NewDesignator=R50
Change Component Designator: OldDesignator=R8 NewDesignator=R51
Change Component Designator: OldDesignator=R9 NewDesignator=R52
Change Component Designator: OldDesignator=R10 NewDesignator=R53
Change Component Designator: OldDesignator=R11 NewDesignator=R54
Change Component Designator: OldDesignator=R12 NewDesignator=R55
Change Component Designator: OldDesignator=R13 NewDesignator=R56
Change Component Designator: OldDesignator=R14 NewDesignator=R57
Change Component Designator: OldDesignator=R15 NewDesignator=R58
Change Component Designator: OldDesignator=R16 NewDesignator=R59
Change Component Designator: OldDesignator=R17 NewDesignator=R60
Change Component Designator: OldDesignator=R18 NewDesignator=R61
Change Component Designator: OldDesignator=R19 NewDesignator=R62
Change Component Designator: OldDesignator=R20 NewDesignator=R63
Change Component Designator: OldDesignator=R21 NewDesignator=R64
Change Component Designator: OldDesignator=R22 NewDesignator=R65
Change Component Designator: OldDesignator=R23 NewDesignator=R66
Change Component Designator: OldDesignator=R24 NewDesignator=R67
Change Component Designator: OldDesignator=R25 NewDesignator=R68
Change Component Designator: OldDesignator=R26 NewDesignator=R69
Change Component Designator: OldDesignator=R27 NewDesignator=R70
Change Component Designator: OldDesignator=R28 NewDesignator=R71
Change Component Designator: OldDesignator=R29 NewDesignator=R72
Change Component Designator: OldDesignator=R30 NewDesignator=R73
Change Component Designator: OldDesignator=R31 NewDesignator=R74
Change Component Designator: OldDesignator=R32 NewDesignator=R75
Change Component Designator: OldDesignator=R33 NewDesignator=R76
Change Component Designator: OldDesignator=R34 NewDesignator=R77
Change Component Designator: OldDesignator=R35 NewDesignator=R78
Change Component Designator: OldDesignator=R36 NewDesignator=R79
Change Component Designator: OldDesignator=R37 NewDesignator=R80
Change Component Designator: OldDesignator=R38 NewDesignator=R81
Change Component Designator: OldDesignator=R39 NewDesignator=R82
Change Component Designator: OldDesignator=R40 NewDesignator=R83
Change Component Designator: OldDesignator=R41 NewDesignator=R84
Change Component Designator: OldDesignator=R42 NewDesignator=R85
Change Component Designator: OldDesignator=R43 NewDesignator=R86
Change Component Designator: OldDesignator=U1 NewDesignator=U17
Change Component Designator: OldDesignator=U2 NewDesignator=U18
Change Component Designator: OldDesignator=U3 NewDesignator=U19
Change Component Designator: OldDesignator=U4 NewDesignator=U20
Change Component Designator: OldDesignator=U4 NewDesignator=U20
Change Component Designator: OldDesignator=U5 NewDesignator=U21
Change Component Designator: OldDesignator=U6 NewDesignator=U22
Change Component Designator: OldDesignator=U7 NewDesignator=U23
Change Component Designator: OldDesignator=U8 NewDesignator=U24
Change Component Designator: OldDesignator=U9 NewDesignator=U25
Change Component Designator: OldDesignator=U10 NewDesignator=U26
Change Component Designator: OldDesignator=U11 NewDesignator=U27
Change Component Designator: OldDesignator=U12 NewDesignator=U28
Change Component Designator: OldDesignator=U13 NewDesignator=U29
Change Component Designator: OldDesignator=U14 NewDesignator=U30
Change Component Designator: OldDesignator=U15 NewDesignator=U31
Change Component Designator: OldDesignator=U16 NewDesignator=U32
