Change Component Designator: Old Designator=C11 New Designator=C1
Change Component Designator: Old Designator=C12 New Designator=C2
Change Component Designator: Old Designator=C13 New Designator=C3
Change Component Designator: Old Designator=C14 New Designator=C4
Change Component Designator: Old Designator=C15 New Designator=C5
Change Component Designator: Old Designator=C16 New Designator=C6
Change Component Designator: Old Designator=C17 New Designator=C7
Change Component Designator: Old Designator=D6 New Designator=D1
Change Component Designator: Old Designator=D7 New Designator=D2
Change Component Designator: Old Designator=D8 New Designator=D3
Change Component Designator: Old Designator=D9 New Designator=D4
Change Component Designator: Old Designator=D10 New Designator=D5
Change Component Designator: Old Designator=P8 New Designator=P1
Change Component Designator: Old Designator=P9 New Designator=P2
Change Component Designator: Old Designator=P10 New Designator=P3
Change Component Designator: Old Designator=Q? New Designator=Q1
Change Component Designator: Old Designator=R44 New Designator=R1
Change Component Designator: Old Designator=R45 New Designator=R2
Change Component Designator: Old Designator=R46 New Designator=R3
Change Component Designator: Old Designator=R47 New Designator=R4
Change Component Designator: Old Designator=R48 New Designator=R5
Change Component Designator: Old Designator=U17 New Designator=U1
Change Component Designator: Old Designator=U18 New Designator=U2
Change Component Designator: Old Designator=U19 New Designator=U3
Change Component Designator: Old Designator=U20 New Designator=U4
Change Component Designator: Old Designator=U20 New Designator=U4
Change Component Designator: Old Designator=U21 New Designator=U5
